Removed Pin From Net: NetName=5VOUT Pin=P5 -1
Removed Pin From Net: NetName=5VOUT Pin=P5 -2
Removed Pin From Net: NetName=5VOUT Pin=P5 -3
Removed Pin From Net: NetName=5VOUT Pin=P5 -4
Removed Pin From Net: NetName=5VOUT Pin=P5 -5
Removed Pin From Net: NetName=5VOUT Pin=P5 -6
Removed Pin From Net: NetName=5VOUT Pin=P5 -7
Removed Pin From Net: NetName=5VOUT Pin=P5 -8
Removed Pin From Net: NetName=5VOUT Pin=P5 -9
Removed Pin From Net: NetName=5VOUT Pin=P5 -10
Removed Member From Class: ClassName=ZenDriver_Master Member=P5 
Change Component Footprint: Designator=P6 Old Footprint=HDR2X5H New Footprint=HDR2X8
Change Component Comment : Designator=P6 Old Comment=Header 5X2H New Comment=Header 8X2
Change Component Designator: OldDesignator=P? NewDesignator=P5
Added Pin To Net: NetName=5VOUT Pin=P5-1
Added Pin To Net: NetName=5VOUT Pin=P5-2
Added Pin To Net: NetName=5VOUT Pin=P5-3
Added Pin To Net: NetName=5VOUT Pin=P5-4
Added Pin To Net: NetName=5VOUT Pin=P5-5
Added Pin To Net: NetName=5VOUT Pin=P5-6
Added Pin To Net: NetName=5VOUT Pin=P5-7
Added Pin To Net: NetName=5VOUT Pin=P5-8
Added Pin To Net: NetName=5VOUT Pin=P5-9
Added Pin To Net: NetName=5VOUT Pin=P5-10
Added Pin To Net: NetName=5VOUT Pin=P5-11
Added Pin To Net: NetName=5VOUT Pin=P5-12
Added Pin To Net: NetName=5VOUT Pin=P5-13
Added Pin To Net: NetName=5VOUT Pin=P5-14
Added Pin To Net: NetName=5VOUT Pin=P5-15
Added Pin To Net: NetName=5VOUT Pin=P5-16
Added Pin To Net: NetName=GND Pin=P6-11
Added Pin To Net: NetName=GND Pin=P6-12
Added Pin To Net: NetName=GND Pin=P6-13
Added Pin To Net: NetName=GND Pin=P6-14
Added Pin To Net: NetName=GND Pin=P6-15
Added Pin To Net: NetName=GND Pin=P6-16
Added Room: Name=ZenDriver_Master
