Change component parameters: Designator = "R4"; Footprint = "0603_R"; UniqueID = "\FKRYQDHU"
Change component parameters. Clean all parameters for all variants
Change component parameters (AddParameter): Name = "ComponentLink1Description"; Value = "供应商链接"; VariantName = "[No Variations]"
Change component parameters (AddParameter): Name = "ComponentLink1URL"; Value = "http://www.szlcsc.com/product/details_26546.html"; VariantName = "[No Variations]"
Change component parameters (AddParameter): Name = "Notepad"; Value = ""; VariantName = "[No Variations]"
Change component parameters (AddParameter): Name = "Package"; Value = "0603"; VariantName = "[No Variations]"
Change component parameters (AddParameter): Name = "Supplier"; Value = "LC"; VariantName = "[No Variations]"
Change component parameters (AddParameter): Name = "SuppliersPartNumber"; Value = "C25803"; VariantName = "[No Variations]"
Added Component: Designator=P5 (HDR2X5H)
Add component. Clean all parameters for all variants
Add component (AddParameter): Name = "LatestRevisionDate"; Value = "17-Jul-2002"; VariantName = "[No Variations]"
Add component (AddParameter): Name = "LatestRevisionNote"; Value = "Re-released for DXP Platform."; VariantName = "[No Variations]"
Add component (AddParameter): Name = "Publisher"; Value = "Altium Limited"; VariantName = "[No Variations]"
Added Component: Designator=P6(HDR2X5H)
Add component. Clean all parameters for all variants
Add component (AddParameter): Name = "LatestRevisionDate"; Value = "17-Jul-2002"; VariantName = "[No Variations]"
Add component (AddParameter): Name = "LatestRevisionNote"; Value = "Re-released for DXP Platform."; VariantName = "[No Variations]"
Add component (AddParameter): Name = "Publisher"; Value = "Altium Limited"; VariantName = "[No Variations]"
Added Pin To Net: NetName=5VOUT Pin=P5 -1
Added Pin To Net: NetName=5VOUT Pin=P5 -2
Added Pin To Net: NetName=5VOUT Pin=P5 -3
Added Pin To Net: NetName=5VOUT Pin=P5 -4
Added Pin To Net: NetName=5VOUT Pin=P5 -5
Added Pin To Net: NetName=5VOUT Pin=P5 -6
Added Pin To Net: NetName=5VOUT Pin=P5 -7
Added Pin To Net: NetName=5VOUT Pin=P5 -8
Added Pin To Net: NetName=5VOUT Pin=P5 -9
Added Pin To Net: NetName=5VOUT Pin=P5 -10
Added Pin To Net: NetName=GND Pin=P6-1
Added Pin To Net: NetName=GND Pin=P6-2
Added Pin To Net: NetName=GND Pin=P6-3
Added Pin To Net: NetName=GND Pin=P6-4
Added Pin To Net: NetName=GND Pin=P6-5
Added Pin To Net: NetName=GND Pin=P6-6
Added Pin To Net: NetName=GND Pin=P6-7
Added Pin To Net: NetName=GND Pin=P6-8
Added Pin To Net: NetName=GND Pin=P6-9
Added Pin To Net: NetName=GND Pin=P6-10
Added Member To Class: ClassName=ZenDriver_Master Member=Component P5  Header 5X2H
Added Member To Class: ClassName=ZenDriver_Master Member=Component P6 Header 5X2H
Added Room: Name=ZenDriver_Master
