Removed Pin From Net: NetName=5VOUT Pin=C6-1
Removed Pin From Net: NetName=GND Pin=C6-2
Removed Pin From Net: NetName=GND Pin=C8-1
Removed Pin From Net: NetName=VCC Pin=C8-2
Removed Pin From Net: NetName=5VOUT Pin=R5-2
Removed Pin From Net: NetName=GND Pin=R6-1
Removed Pin From Net: NetName=5VOUT Pin=VR1-2
Removed Pin From Net: NetName=VCC Pin=VR1-3
Removed Member From Class: ClassName=ZenDriver_Master Member=C6
Removed Member From Class: ClassName=ZenDriver_Master Member=C8
Removed Member From Class: ClassName=ZenDriver_Master Member=R5
Removed Member From Class: ClassName=ZenDriver_Master Member=R6
Removed Member From Class: ClassName=ZenDriver_Master Member=VR1
Change Component Comment : Designator=R2 Old Comment=10K New Comment=10KΩ (1002) ±1%
Change component parameters: Designator = "R2"; Footprint = "0603_R"; UniqueID = "\BIOVECDN"
Change component parameters. Clean all parameters for all variants
Change component parameters (AddParameter): Name = "ComponentLink1Description"; Value = "供应商链接"; VariantName = "[No Variations]"
Change component parameters (AddParameter): Name = "ComponentLink1URL"; Value = "http://www.szlcsc.com/product/details_26547.html"; VariantName = "[No Variations]"
Change component parameters (AddParameter): Name = "Notepad"; Value = ""; VariantName = "[No Variations]"
Change component parameters (AddParameter): Name = "Package"; Value = "0603"; VariantName = "[No Variations]"
Change component parameters (AddParameter): Name = "Supplier"; Value = "LC"; VariantName = "[No Variations]"
Change component parameters (AddParameter): Name = "SuppliersPartNumber"; Value = "C25804"; VariantName = "[No Variations]"
Added Pin To Net: NetName=GND Pin=R2-1
Added Room: Name=ZenDriver_Master
