Added Component: Designator=D1(0603_LED_S1)
Add component. Clean all parameters for all variants
Add component (AddParameter): Name = "ComponentLink1Description"; Value = "供应商链接"; VariantName = "[No Variations]"
Add component (AddParameter): Name = "ComponentLink1URL"; Value = "http://www.szlcsc.com/product/details_2659.html"; VariantName = "[No Variations]"
Add component (AddParameter): Name = "Notepad"; Value = ""; VariantName = "[No Variations]"
Add component (AddParameter): Name = "Package"; Value = "0603"; VariantName = "[No Variations]"
Add component (AddParameter): Name = "Supplier"; Value = "LC"; VariantName = "[No Variations]"
Add component (AddParameter): Name = "SuppliersPartNumber"; Value = "C2286"; VariantName = "[No Variations]"
Added Component: Designator=P1(MHDR1X20)
Add component. Clean all parameters for all variants
Add component (AddParameter): Name = "LatestRevisionDate"; Value = "17-Jul-2002"; VariantName = "[No Variations]"
Add component (AddParameter): Name = "LatestRevisionNote"; Value = "Re-released for DXP Platform."; VariantName = "[No Variations]"
Add component (AddParameter): Name = "Publisher"; Value = "Altium Limited"; VariantName = "[No Variations]"
Added Component: Designator=P2(MHDR1X20)
Add component. Clean all parameters for all variants
Add component (AddParameter): Name = "LatestRevisionDate"; Value = "17-Jul-2002"; VariantName = "[No Variations]"
Add component (AddParameter): Name = "LatestRevisionNote"; Value = "Re-released for DXP Platform."; VariantName = "[No Variations]"
Add component (AddParameter): Name = "Publisher"; Value = "Altium Limited"; VariantName = "[No Variations]"
Added Component: Designator=P3(MHDR1X6)
Add component. Clean all parameters for all variants
Add component (AddParameter): Name = "LatestRevisionDate"; Value = "17-Jul-2002"; VariantName = "[No Variations]"
Add component (AddParameter): Name = "LatestRevisionNote"; Value = "Re-released for DXP Platform."; VariantName = "[No Variations]"
Add component (AddParameter): Name = "Publisher"; Value = "Altium Limited"; VariantName = "[No Variations]"
Added Component: Designator=P4(MHDR1X20)
Add component. Clean all parameters for all variants
Add component (AddParameter): Name = "LatestRevisionDate"; Value = "17-Jul-2002"; VariantName = "[No Variations]"
Add component (AddParameter): Name = "LatestRevisionNote"; Value = "Re-released for DXP Platform."; VariantName = "[No Variations]"
Add component (AddParameter): Name = "Publisher"; Value = "Altium Limited"; VariantName = "[No Variations]"
Added Component: Designator=P5(MHDR1X20)
Add component. Clean all parameters for all variants
Add component (AddParameter): Name = "LatestRevisionDate"; Value = "17-Jul-2002"; VariantName = "[No Variations]"
Add component (AddParameter): Name = "LatestRevisionNote"; Value = "Re-released for DXP Platform."; VariantName = "[No Variations]"
Add component (AddParameter): Name = "Publisher"; Value = "Altium Limited"; VariantName = "[No Variations]"
Added Component: Designator=P6(MHDR1X6)
Add component. Clean all parameters for all variants
Add component (AddParameter): Name = "LatestRevisionDate"; Value = "17-Jul-2002"; VariantName = "[No Variations]"
Add component (AddParameter): Name = "LatestRevisionNote"; Value = "Re-released for DXP Platform."; VariantName = "[No Variations]"
Add component (AddParameter): Name = "Publisher"; Value = "Altium Limited"; VariantName = "[No Variations]"
Added Component: Designator=P7(XT60PW-M)
Add component. Clean all parameters for all variants
Added Component: Designator=R1(0603_R)
Add component. Clean all parameters for all variants
Add component (AddParameter): Name = "ComponentLink1Description"; Value = "供应商链接"; VariantName = "[No Variations]"
Add component (AddParameter): Name = "ComponentLink1URL"; Value = "http://www.szlcsc.com/product/details_23906.html"; VariantName = "[No Variations]"
Add component (AddParameter): Name = "Notepad"; Value = ""; VariantName = "[No Variations]"
Add component (AddParameter): Name = "Package"; Value = "0603"; VariantName = "[No Variations]"
Add component (AddParameter): Name = "Supplier"; Value = "LC"; VariantName = "[No Variations]"
Add component (AddParameter): Name = "SuppliersPartNumber"; Value = "C23179"; VariantName = "[No Variations]"
Added Pin To Net: NetName=GND Pin=D1-K
Added Pin To Net: NetName=5VOUT Pin=P1-1
Added Pin To Net: NetName=5VOUT Pin=P1-2
Added Pin To Net: NetName=5VOUT Pin=P1-3
Added Pin To Net: NetName=5VOUT Pin=P1-4
Added Pin To Net: NetName=5VOUT Pin=P1-5
Added Pin To Net: NetName=GND Pin=P1-6
Added Pin To Net: NetName=GND Pin=P1-7
Added Pin To Net: NetName=GND Pin=P1-8
Added Pin To Net: NetName=GND Pin=P1-9
Added Pin To Net: NetName=GND Pin=P1-10
Added Pin To Net: NetName=VCC Pin=P1-11
Added Pin To Net: NetName=VCC Pin=P1-12
Added Pin To Net: NetName=VCC Pin=P1-13
Added Pin To Net: NetName=VCC Pin=P1-14
Added Pin To Net: NetName=VCC Pin=P1-15
Added Pin To Net: NetName=VCC Pin=P1-16
Added Pin To Net: NetName=VCC Pin=P1-17
Added Pin To Net: NetName=VCC Pin=P1-18
Added Pin To Net: NetName=VCC Pin=P1-19
Added Pin To Net: NetName=VCC Pin=P1-20
Added Pin To Net: NetName=5VOUT Pin=P2-1
Added Pin To Net: NetName=5VOUT Pin=P2-2
Added Pin To Net: NetName=5VOUT Pin=P2-3
Added Pin To Net: NetName=5VOUT Pin=P2-4
Added Pin To Net: NetName=5VOUT Pin=P2-5
Added Pin To Net: NetName=GND Pin=P2-6
Added Pin To Net: NetName=GND Pin=P2-7
Added Pin To Net: NetName=GND Pin=P2-8
Added Pin To Net: NetName=GND Pin=P2-9
Added Pin To Net: NetName=GND Pin=P2-10
Added Pin To Net: NetName=VCC Pin=P2-11
Added Pin To Net: NetName=VCC Pin=P2-12
Added Pin To Net: NetName=VCC Pin=P2-13
Added Pin To Net: NetName=VCC Pin=P2-14
Added Pin To Net: NetName=VCC Pin=P2-15
Added Pin To Net: NetName=VCC Pin=P2-16
Added Pin To Net: NetName=VCC Pin=P2-17
Added Pin To Net: NetName=VCC Pin=P2-18
Added Pin To Net: NetName=VCC Pin=P2-19
Added Pin To Net: NetName=VCC Pin=P2-20
Added Pin To Net: NetName=GND Pin=P3-1
Added Pin To Net: NetName=GND Pin=P3-2
Added Pin To Net: NetName=ENCA Pin=P3-3
Added Pin To Net: NetName=ENCB Pin=P3-4
Added Pin To Net: NetName=GND Pin=P3-5
Added Pin To Net: NetName=GND Pin=P3-6
Added Pin To Net: NetName=5VOUT Pin=P4-1
Added Pin To Net: NetName=5VOUT Pin=P4-2
Added Pin To Net: NetName=5VOUT Pin=P4-3
Added Pin To Net: NetName=5VOUT Pin=P4-4
Added Pin To Net: NetName=5VOUT Pin=P4-5
Added Pin To Net: NetName=GND Pin=P4-6
Added Pin To Net: NetName=GND Pin=P4-7
Added Pin To Net: NetName=GND Pin=P4-8
Added Pin To Net: NetName=GND Pin=P4-9
Added Pin To Net: NetName=GND Pin=P4-10
Added Pin To Net: NetName=VCC Pin=P4-11
Added Pin To Net: NetName=VCC Pin=P4-12
Added Pin To Net: NetName=VCC Pin=P4-13
Added Pin To Net: NetName=VCC Pin=P4-14
Added Pin To Net: NetName=VCC Pin=P4-15
Added Pin To Net: NetName=VCC Pin=P4-16
Added Pin To Net: NetName=VCC Pin=P4-17
Added Pin To Net: NetName=VCC Pin=P4-18
Added Pin To Net: NetName=VCC Pin=P4-19
Added Pin To Net: NetName=VCC Pin=P4-20
Added Pin To Net: NetName=5VOUT Pin=P5-1
Added Pin To Net: NetName=5VOUT Pin=P5-2
Added Pin To Net: NetName=5VOUT Pin=P5-3
Added Pin To Net: NetName=5VOUT Pin=P5-4
Added Pin To Net: NetName=5VOUT Pin=P5-5
Added Pin To Net: NetName=GND Pin=P5-6
Added Pin To Net: NetName=GND Pin=P5-7
Added Pin To Net: NetName=GND Pin=P5-8
Added Pin To Net: NetName=GND Pin=P5-9
Added Pin To Net: NetName=GND Pin=P5-10
Added Pin To Net: NetName=VCC Pin=P5-11
Added Pin To Net: NetName=VCC Pin=P5-12
Added Pin To Net: NetName=VCC Pin=P5-13
Added Pin To Net: NetName=VCC Pin=P5-14
Added Pin To Net: NetName=VCC Pin=P5-15
Added Pin To Net: NetName=VCC Pin=P5-16
Added Pin To Net: NetName=VCC Pin=P5-17
Added Pin To Net: NetName=VCC Pin=P5-18
Added Pin To Net: NetName=VCC Pin=P5-19
Added Pin To Net: NetName=VCC Pin=P5-20
Added Pin To Net: NetName=GND Pin=P6-1
Added Pin To Net: NetName=GND Pin=P6-2
Added Pin To Net: NetName=ENCA Pin=P6-3
Added Pin To Net: NetName=ENCB Pin=P6-4
Added Pin To Net: NetName=GND Pin=P6-5
Added Pin To Net: NetName=GND Pin=P6-6
Added Pin To Net: NetName=VCC Pin=P7-1
Added Pin To Net: NetName=GND Pin=P7-2
Added Pin To Net: NetName=5VOUT Pin=R1-2
Added Pin To Net: NetName=NetD1_A Pin=D1-A
Added Pin To Net: NetName=NetD1_A Pin=R1-1
Added Net: Name=NetD1_A
Added Member To Class: ClassName=ZenDriver_Master Member=Component D1 红灯 0603
Added Member To Class: ClassName=ZenDriver_Master Member=Component P1 MHDR1X20
Added Member To Class: ClassName=ZenDriver_Master Member=Component P2 MHDR1X20
Added Member To Class: ClassName=ZenDriver_Master Member=Component P3 MHDR1X6
Added Member To Class: ClassName=ZenDriver_Master Member=Component P4 MHDR1X20
Added Member To Class: ClassName=ZenDriver_Master Member=Component P5 MHDR1X20
Added Member To Class: ClassName=ZenDriver_Master Member=Component P6 MHDR1X6
Added Member To Class: ClassName=ZenDriver_Master Member=Component P7 XT60PW-M
Added Member To Class: ClassName=ZenDriver_Master Member=Component R1 4.7k
Added Room: Name=ZenDriver_Master
